<?xml version="1.0" encoding="UTF-8"?>
<!-- Generated by org.testng.reporters.JUnitXMLReporter -->
<testsuite ignored="0" hostname="DESKTOP-G73BLE5" failures="0" tests="3" name="Test" time="229.907" errors="0" timestamp="2023-08-09T18:47:56 IST">
  <testcase classname="testcases.TestOrangeHRM" name="launchOrangeHRMWebsite" time="10.92"/>
  <testcase classname="testcases.TestOrangeHRM" name="addEmployee" time="191.541"/>
  <testcase classname="testcases.TestOrangeHRM" name="logoutfromOrangeHRMWebsite" time="12.197"/>
</testsuite> <!-- Test -->
